<?xml version="1.0" encoding="UTF-8"?>
<!-- Generated by org.testng.reporters.JUnitXMLReporter -->
<testsuite ignored="0" hostname="DESKTOP-RSB12GM" failures="0" tests="4" name="PetStoreTest" time="9.419" errors="0" timestamp="2023-07-27T07:45:00 IST">
  <testcase classname="api.test.UserTest2" name="testpostUser" time="3.201"/>
  <testcase classname="api.test.UserTest2" name="testgetUserbyName" time="1.258"/>
  <testcase classname="api.test.UserTest2" name="testUpdateUserByName" time="2.591"/>
  <testcase classname="api.test.UserTest2" name="testDeleteUserByName" time="1.316"/>
</testsuite> <!-- PetStoreTest -->
