<?xml version="1.0" encoding="UTF-8"?>
<!-- Generated by org.testng.reporters.JUnitXMLReporter -->
<testsuite ignored="0" hostname="DESKTOP-RSB12GM" failures="0" tests="10" name="Surefire test" time="59.96" errors="0" timestamp="2023-07-27T08:12:01 IST">
  <testcase classname="api.test.DDTest" name="testPostuser" time="3.762"/>
  <testcase classname="api.test.DDTest" name="testPostuser" time="1.326"/>
  <testcase classname="api.test.DDTest" name="testPostuser" time="1.332"/>
  <testcase classname="api.test.DDTest" name="testDeleteUserByName" time="1.411"/>
  <testcase classname="api.test.DDTest" name="testDeleteUserByName" time="1.307"/>
  <testcase classname="api.test.DDTest" name="testDeleteUserByName" time="1.331"/>
  <testcase classname="api.test.UserTest" name="testpostUser" time="1.419"/>
  <testcase classname="api.test.UserTest" name="testgetUserbyName" time="1.371"/>
  <testcase classname="api.test.UserTest" name="testUpdateUserByName" time="2.56"/>
  <testcase classname="api.test.UserTest" name="testDeleteUserByName" time="1.3"/>
</testsuite> <!-- Surefire test -->
