<?xml version="1.0" encoding="UTF-8"?>
<!-- Generated by org.testng.reporters.JUnitXMLReporter -->
<testsuite ignored="0" hostname="DESKTOP-RSB12GM" failures="0" tests="6" name="Default test" time="11.994" errors="0" timestamp="2023-07-26T13:06:05 IST">
  <testcase classname="api.test.DDTest" name="testPostuser" time="3.327"/>
  <testcase classname="api.test.DDTest" name="testPostuser" time="1.198"/>
  <testcase classname="api.test.DDTest" name="testPostuser" time="1.118"/>
  <testcase classname="api.test.DDTest" name="testDeleteUserByName" time="1.144"/>
  <testcase classname="api.test.DDTest" name="testDeleteUserByName" time="1.124"/>
  <testcase classname="api.test.DDTest" name="testDeleteUserByName" time="1.113"/>
</testsuite> <!-- Default test -->
