<?xml version="1.0" encoding="UTF-8"?>
<testng-results ignored="0" total="4" passed="4" failed="0" skipped="0">
  <reporter-output>
  </reporter-output>
  <suite started-at="2023-07-27T07:44:50 IST" name="PetStore" finished-at="2023-07-27T07:45:00 IST" duration-ms="9419">
    <groups>
    </groups>
    <test started-at="2023-07-27T07:44:50 IST" name="PetStoreTest" finished-at="2023-07-27T07:45:00 IST" duration-ms="9419">
      <class name="api.test.UserTest2">
        <test-method is-config="true" signature="setupData()[pri:0, instance:api.test.UserTest2@35cabb2a]" started-at="2023-07-27T07:44:50 IST" name="setupData" finished-at="2023-07-27T07:44:51 IST" duration-ms="734" status="PASS">
          <reporter-output>
          </reporter-output>
        </test-method> <!-- setupData -->
        <test-method signature="testpostUser()[pri:1, instance:api.test.UserTest2@35cabb2a]" started-at="2023-07-27T07:44:51 IST" name="testpostUser" finished-at="2023-07-27T07:44:54 IST" duration-ms="3201" status="PASS">
          <reporter-output>
          </reporter-output>
        </test-method> <!-- testpostUser -->
        <test-method signature="testgetUserbyName()[pri:2, instance:api.test.UserTest2@35cabb2a]" started-at="2023-07-27T07:44:54 IST" name="testgetUserbyName" finished-at="2023-07-27T07:44:56 IST" duration-ms="1258" status="PASS">
          <reporter-output>
          </reporter-output>
        </test-method> <!-- testgetUserbyName -->
        <test-method signature="testUpdateUserByName()[pri:3, instance:api.test.UserTest2@35cabb2a]" started-at="2023-07-27T07:44:56 IST" name="testUpdateUserByName" finished-at="2023-07-27T07:44:58 IST" duration-ms="2591" status="PASS">
          <reporter-output>
          </reporter-output>
        </test-method> <!-- testUpdateUserByName -->
        <test-method signature="testDeleteUserByName()[pri:4, instance:api.test.UserTest2@35cabb2a]" started-at="2023-07-27T07:44:58 IST" name="testDeleteUserByName" finished-at="2023-07-27T07:45:00 IST" duration-ms="1316" status="PASS">
          <reporter-output>
          </reporter-output>
        </test-method> <!-- testDeleteUserByName -->
      </class> <!-- api.test.UserTest2 -->
    </test> <!-- PetStoreTest -->
  </suite> <!-- PetStore -->
</testng-results>
